# JRE version: Java(TM) SE Runtime Environment (17.0.12+8) (build 17.0.12+8-LTS-286)
# Java VM: Java HotSpot(TM) 64-Bit Server VM (17.0.12+8-LTS-286, mixed mode, emulated-client, sharing, tiered, compressed oops, compressed class ptrs, g1 gc, windows-amd64)
GC Precious Log:
 CPUs: 8 total, 8 available
 Memory: 8106M
 Large Page Support: Disabled
 NUMA Support: Disabled
 Compressed Oops: Enabled (32-bit)
 Heap Region Size: 1M
 Heap Min Capacity: 8M
 Heap Initial Capacity: 128M
 Heap Max Capacity: 2028M
 Pre-touch: Disabled
 Parallel Workers: 8
 Concurrent Workers: 2
 Concurrent Refinement Workers: 8
 Periodic GC: Disabled
Heap:
 garbage-first heap   total 131072K, used 61546K [0x0000000081400000, 0x0000000100000000)
  region size 1024K, 2 young (2048K), 2 survivors (2048K)
 Metaspace       used 82716K, committed 83456K, reserved 1179648K
  class space    used 12157K, committed 12544K, reserved 1048576K
GC Heap History (20 events):
Event: 8.979 GC heap after
{Heap after GC invocations=26 (full 0):
 garbage-first heap   total 126976K, used 64055K [0x0000000081400000, 0x0000000100000000)
  region size 1024K, 5 young (5120K), 5 survivors (5120K)
 Metaspace       used 70710K, committed 71360K, reserved 1114112K
  class space    used 10488K, committed 10816K, reserved 1048576K
}
Event: 14.877 GC heap before
{Heap before GC invocations=26 (full 0):
 garbage-first heap   total 126976K, used 94775K [0x0000000081400000, 0x0000000100000000)
  region size 1024K, 36 young (36864K), 5 survivors (5120K)
 Metaspace       used 74774K, committed 75456K, reserved 1114112K
  class space    used 11117K, committed 11456K, reserved 1048576K
}
Event: 14.883 GC heap after
{Heap after GC invocations=27 (full 0):
 garbage-first heap   total 126976K, used 67648K [0x0000000081400000, 0x0000000100000000)
  region size 1024K, 4 young (4096K), 4 survivors (4096K)
 Metaspace       used 74774K, committed 75456K, reserved 1114112K
  class space    used 11117K, committed 11456K, reserved 1048576K
}
Event: 26.804 GC heap before
{Heap before GC invocations=28 (full 0):
 garbage-first heap   total 126976K, used 92224K [0x0000000081400000, 0x0000000100000000)
  region size 1024K, 33 young (33792K), 4 survivors (4096K)
 Metaspace       used 79410K, committed 80128K, reserved 1179648K
  class space    used 11750K, committed 12096K, reserved 1048576K
}
Event: 26.811 GC heap after
{Heap after GC invocations=29 (full 0):
 garbage-first heap   total 126976K, used 67090K [0x0000000081400000, 0x0000000100000000)
  region size 1024K, 4 young (4096K), 4 survivors (4096K)
 Metaspace       used 79410K, committed 80128K, reserved 1179648K
  class space    used 11750K, committed 12096K, reserved 1048576K
}
Event: 26.898 GC heap before
{Heap before GC invocations=29 (full 0):
 garbage-first heap   total 126976K, used 68114K [0x0000000081400000, 0x0000000100000000)
  region size 1024K, 6 young (6144K), 4 survivors (4096K)
 Metaspace       used 79918K, committed 80576K, reserved 1179648K
  class space    used 11821K, committed 12160K, reserved 1048576K
}
Event: 26.903 GC heap after
{Heap after GC invocations=30 (full 0):
 garbage-first heap   total 126976K, used 57556K [0x0000000081400000, 0x0000000100000000)
  region size 1024K, 1 young (1024K), 1 survivors (1024K)
 Metaspace       used 79918K, committed 80576K, reserved 1179648K
  class space    used 11821K, committed 12160K, reserved 1048576K
}
Event: 71.705 GC heap before
{Heap before GC invocations=30 (full 0):
 garbage-first heap   total 126976K, used 94420K [0x0000000081400000, 0x0000000100000000)
  region size 1024K, 38 young (38912K), 1 survivors (1024K)
 Metaspace       used 81906K, committed 82624K, reserved 1179648K
  class space    used 12088K, committed 12416K, reserved 1048576K
}
Event: 71.708 GC heap after
{Heap after GC invocations=31 (full 0):
 garbage-first heap   total 126976K, used 58189K [0x0000000081400000, 0x0000000100000000)
  region size 1024K, 2 young (2048K), 2 survivors (2048K)
 Metaspace       used 81906K, committed 82624K, reserved 1179648K
  class space    used 12088K, committed 12416K, reserved 1048576K
}
Event: 152.869 GC heap before
{Heap before GC invocations=32 (full 0):
 garbage-first heap   total 126976K, used 79693K [0x0000000081400000, 0x0000000100000000)
  region size 1024K, 25 young (25600K), 2 survivors (2048K)
 Metaspace       used 81998K, committed 82688K, reserved 1179648K
  class space    used 12107K, committed 12416K, reserved 1048576K
}
Event: 152.957 GC heap after
{Heap after GC invocations=33 (full 1):
 garbage-first heap   total 126976K, used 36659K [0x0000000081400000, 0x0000000100000000)
  region size 1024K, 0 young (0K), 0 survivors (0K)
 Metaspace       used 81998K, committed 82688K, reserved 1179648K
  class space    used 12107K, committed 12416K, reserved 1048576K
}
Event: 153.904 GC heap before
{Heap before GC invocations=33 (full 1):
 garbage-first heap   total 126976K, used 91955K [0x0000000081400000, 0x0000000100000000)
  region size 1024K, 55 young (56320K), 0 survivors (0K)
 Metaspace       used 82320K, committed 83072K, reserved 1179648K
  class space    used 12152K, committed 12544K, reserved 1048576K
}
Event: 153.909 GC heap after
{Heap after GC invocations=34 (full 1):
 garbage-first heap   total 126976K, used 41094K [0x0000000081400000, 0x0000000100000000)
  region size 1024K, 5 young (5120K), 5 survivors (5120K)
 Metaspace       used 82320K, committed 83072K, reserved 1179648K
  class space    used 12152K, committed 12544K, reserved 1048576K
}
Event: 154.966 GC heap before
{Heap before GC invocations=35 (full 1):
 garbage-first heap   total 126976K, used 95366K [0x0000000081400000, 0x0000000100000000)
  region size 1024K, 56 young (57344K), 5 survivors (5120K)
 Metaspace       used 82677K, committed 83392K, reserved 1179648K
  class space    used 12150K, committed 12544K, reserved 1048576K
}
Event: 154.974 GC heap after
{Heap after GC invocations=36 (full 1):
 garbage-first heap   total 126976K, used 48874K [0x0000000081400000, 0x0000000100000000)
  region size 1024K, 6 young (6144K), 6 survivors (6144K)
 Metaspace       used 82677K, committed 83392K, reserved 1179648K
  class space    used 12150K, committed 12544K, reserved 1048576K
}
Event: 154.991 GC heap before
{Heap before GC invocations=36 (full 1):
 garbage-first heap   total 126976K, used 49898K [0x0000000081400000, 0x0000000100000000)
  region size 1024K, 7 young (7168K), 6 survivors (6144K)
 Metaspace       used 82677K, committed 83392K, reserved 1179648K
  class space    used 12150K, committed 12544K, reserved 1048576K
}
Event: 154.995 GC heap after
{Heap after GC invocations=37 (full 1):
 garbage-first heap   total 126976K, used 49483K [0x0000000081400000, 0x0000000100000000)
  region size 1024K, 1 young (1024K), 1 survivors (1024K)
 Metaspace       used 82677K, committed 83392K, reserved 1179648K
  class space    used 12150K, committed 12544K, reserved 1048576K
}
Event: 155.113 GC heap before
{Heap before GC invocations=37 (full 1):
 garbage-first heap   total 126976K, used 95563K [0x0000000081400000, 0x0000000100000000)
  region size 1024K, 47 young (48128K), 1 survivors (1024K)
 Metaspace       used 82679K, committed 83392K, reserved 1179648K
  class space    used 12151K, committed 12544K, reserved 1048576K
}
Event: 155.120 GC heap after
{Heap after GC invocations=38 (full 1):
 garbage-first heap   total 126976K, used 59835K [0x0000000081400000, 0x0000000100000000)
  region size 1024K, 6 young (6144K), 6 survivors (6144K)
 Metaspace       used 82679K, committed 83392K, reserved 1179648K
  class space    used 12151K, committed 12544K, reserved 1048576K
}
Event: 155.203 GC heap before
{Heap before GC invocations=38 (full 1):
 garbage-first heap   total 126976K, used 63931K [0x0000000081400000, 0x0000000100000000)
  region size 1024K, 11 young (11264K), 6 survivors (6144K)
 Metaspace       used 82716K, committed 83456K, reserved 1179648K
  class space    used 12157K, committed 12544K, reserved 1048576K
}

